<?xml version="1.0" encoding="UTF-8"?>
<testsuite name="AddressBookTest" tests="1" skipped="0" failures="0" errors="0" timestamp="2019-12-06T07:53:49" hostname="admin1-desktop" time="0.048">
  <properties/>
  <testcase name="givenMethod_SaveAddressBookAs" classname="AddressBookTest" time="0.048"/>
  <system-out><![CDATA[File is already present at specific location
FirstName	LastName	PhoneNumber		City		State		ZipCode
Avanish 	Ingle 		9873456785 		Kranja 		Maharashtra 	444543
Pari 	Raut 		9872312345 		Akola 		Maharashtra 	444103
Shreyash 	Khandare 		9872345345 		Akola 		Maharashtra 	444108
]]></system-out>
  <system-err><![CDATA[]]></system-err>
</testsuite>
