<?xml version="1.0" encoding="UTF-8"?>
<testsuite name="AddressBookTest" tests="1" skipped="0" failures="0" errors="0" timestamp="2019-12-05T10:29:31" hostname="admin1-desktop" time="0.045">
  <properties/>
  <testcase name="EditPerson" classname="AddressBookTest" time="0.045"/>
  <system-out><![CDATA[Edit Successfully
]]></system-out>
  <system-err><![CDATA[]]></system-err>
</testsuite>
