<?xml version="1.0" encoding="UTF-8"?>
<testsuite name="AddressBookTest" tests="1" skipped="0" failures="0" errors="0" timestamp="2019-12-06T04:05:30" hostname="admin1-desktop" time="0.002">
  <properties/>
  <testcase name="givenMethod_CreateNewFile" classname="AddressBookTest" time="0.002"/>
  <system-out><![CDATA[File has been created successfully.
]]></system-out>
  <system-err><![CDATA[]]></system-err>
</testsuite>
