<?xml version="1.0" encoding="UTF-8"?>
<testsuite name="AddressBookTest" tests="1" skipped="0" failures="0" errors="0" timestamp="2019-12-05T11:51:21" hostname="admin1-desktop" time="0.05">
  <properties/>
  <testcase name="givenMethod_SortPersonInformation_ByZipCode" classname="AddressBookTest" time="0.05"/>
  <system-out><![CDATA[Sorted By Zip Successfully
]]></system-out>
  <system-err><![CDATA[]]></system-err>
</testsuite>
